------------------------------------------------------------
D:\home\site\wwwroot\env\scripts\pip run on 10/16/16 18:23:05
Requirement already satisfied (use --upgrade to upgrade): Flask==0.11.1 in d:\home\site\wwwroot\env\lib\site-packages (from -r requirements.txt (line 1))
Downloading/unpacking matplotlib==1.5.3 (from -r requirements.txt (line 2))
  Getting page https://pypi.python.org/simple/matplotlib/
  URLs to search for versions for matplotlib==1.5.3 (from -r requirements.txt (line 2)):
  * https://pypi.python.org/simple/matplotlib/1.5.3
  * https://pypi.python.org/simple/matplotlib/
  Getting page https://pypi.python.org/simple/matplotlib/1.5.3
  Could not fetch URL https://pypi.python.org/simple/matplotlib/1.5.3: 404 Client Error: Not Found
  Will skip URL https://pypi.python.org/simple/matplotlib/1.5.3 when looking for download links for matplotlib==1.5.3 (from -r requirements.txt (line 2))
  Analyzing links from page https://pypi.python.org/simple/matplotlib/
    Found link https://pypi.python.org/packages/02/16/f3c3867c806791bba5329bd5db80b76d08d5c6bc2cd1136be47dfd5577a0/matplotlib-2.0.0b1.tar.gz#md5=116e221bb635b57d7c0ade682f2710f8 (from https://pypi.python.org/simple/matplotlib/), version: 2.0.0b1
    Skipping https://pypi.python.org/packages/02/6e/70e36542942df27ef77a04efed2fcc932e1051a12aa316de871f30f18147/matplotlib-1.4.3-cp32-none-win_amd64.whl#md5=89576c72750649f229e4e4880d3d58ac (from https://pypi.python.org/simple/matplotlib/) because it is not compatible with this Python
    Skipping https://pypi.python.org/packages/04/03/a7240ae46ba3e12887734b54287c63c337f0f6a3ab337a63e8a8bbc19a56/matplotlib-1.5.2-cp27-cp27m-macosx_10_6_intel.macosx_10_9_intel.macosx_10_9_x86_64.macosx_10_10_intel.macosx_10_10_x86_64.whl#md5=a47541ccc289f6ef6e43c0c01009c325 (from https://pypi.python.org/simple/matplotlib/) because it is not compatible with this Python
    Skipping https://pypi.python.org/packages/05/75/2d5818002867099023f770b1087421a670daabf5a09d86fbb23c543bc091/matplotlib-1.4.1-cp32-none-win32.whl#md5=48449add544042ff62c9f281739516de (from https://pypi.python.org/simple/matplotlib/) because it is not compatible with this Python
    Skipping https://pypi.python.org/packages/06/1c/960023c8190814d65a29ae3e1317f36fe6a4d1b733da5367ef4ce0f1b12e/matplotlib-1.5.3-cp27-cp27m-win_amd64.whl#md5=d31f948afdf339de8c06d31c3b0ecb1b (from https://pypi.python.org/simple/matplotlib/) because it is not compatible with this Python
    Skipping link https://pypi.python.org/packages/06/2e/0e7d7a8cfa1f5272c2052fad72a037cc418678a0527b407c50bd4ba7ea5c/matplotlib-1.4.3.win32-py2.6.exe#md5=4ff8ea1e9c28632ca8a7eb01278eae22 (from https://pypi.python.org/simple/matplotlib/); unknown archive format: .exe
    Found link https://pypi.python.org/packages/06/9d/03f200ffdd18da31ebbc74a7a843f157c3bb597aaa40c004a09e61cfd774/matplotlib-1.5.0.tar.gz#md5=7952a539418ed77432aa4727409f24cf (from https://pypi.python.org/simple/matplotlib/), version: 1.5.0
    Skipping https://pypi.python.org/packages/07/61/672577a66d54ed6d1706d67aa18fed3634612a4b743c1313a4d1a2cc6932/matplotlib-2.0.0b4-cp27-cp27m-macosx_10_6_intel.macosx_10_9_intel.macosx_10_9_x86_64.macosx_10_10_intel.macosx_10_10_x86_64.whl#md5=fd5a9feb5094073cf96bba331b7f4fac (from https://pypi.python.org/simple/matplotlib/) because it is not compatible with this Python
    Found link https://pypi.python.org/packages/08/4c/f6ef52c64f6d6f81c55e836be541cb23bb2f9d54693dbc7b598453ab0614/matplotlib-1.4.2.tar.gz#md5=7d22efb6cce475025733c50487bd8898 (from https://pypi.python.org/simple/matplotlib/), version: 1.4.2
    Found link https://pypi.python.org/packages/08/67/dada37e8261245a3bd0e39bf5fc057bd87bf4f2dec616c59f3f634537d58/matplotlib-2.0.0b2.tar.gz#md5=02afc2b615ac4e1607f31ded01831cf0 (from https://pypi.python.org/simple/matplotlib/), version: 2.0.0b2
    Skipping https://pypi.python.org/packages/08/96/89f4ed78ad83ac9019578ca6db8a7cc2a8c58db6133fc2eae46118be884c/matplotlib-2.0.0b1-cp34-cp34m-win_amd64.whl#md5=5b60e28fe4ce6f1bc468c80d4bdf5a40 (from https://pypi.python.org/simple/matplotlib/) because it is not compatible with this Python
    Found link https://pypi.python.org/packages/09/1a/1015c9ec4b8b13b6c6edfa3fa3d2f0e05860f80414c7d80ccfc7787f1220/matplotlib-0.86.tar.gz#md5=4770cbcddabcbab72d48fbb237ed5d8c (from https://pypi.python.org/simple/matplotlib/), version: 0.86
    Skipping https://pypi.python.org/packages/09/2e/f8777050aaf393948f5192115fe5934fee221475c17f0d05bd73ac01b332/matplotlib-1.5.3-cp34-cp34m-win_amd64.whl#md5=6dc32ebf22bb21a5c7f91e1de58fffee (from https://pypi.python.org/simple/matplotlib/) because it is not compatible with this Python
    Skipping https://pypi.python.org/packages/0b/ba/33fdcb08b2993aad761ea5968064b0fb01d2db30bb3d712fed70deba1ff3/matplotlib-1.4.0-cp26-none-win_amd64.whl#md5=198652a75d184f4f6900f74fb9d68a7f (from https://pypi.python.org/simple/matplotlib/) because it is not compatible with this Python
    Found link https://pypi.python.org/packages/0e/91/e57fb38ffb848432e4fd9967089eb2cb15e5dec92771bd5becbb99f711cb/matplotlib-1.4.3-cp27-none-win32.whl#md5=ecd17c868aae92b9da13aa503ff06fe4 (from https://pypi.python.org/simple/matplotlib/), version: 1.4.3
    Skipping https://pypi.python.org/packages/0e/c4/6fd901dcde2e364a15cb2caaaf00c51edac0e44dcb916083a71c1bf79e01/matplotlib-1.4.2-cp26-none-win_amd64.whl#md5=8b9c0303b53547f16576a9cbd507266d (from https://pypi.python.org/simple/matplotlib/) because it is not compatible with this Python
    Skipping https://pypi.python.org/packages/11/67/e7da0680b8737353d41eb4d8caf4b93cc41351f3e87e5ad57da2cd22cceb/matplotlib-1.5.0-cp35-cp35m-macosx_10_6_intel.macosx_10_9_intel.macosx_10_9_x86_64.macosx_10_10_intel.macosx_10_10_x86_64.whl#md5=46535a742d8d61a00cd9c946dbb3fdf8 (from https://pypi.python.org/simple/matplotlib/) because it is not compatible with this Python
    Skipping link https://pypi.python.org/packages/11/75/5a1883d6c02096cac27387d857b4a74772b2ab506b74b37bc87d04760e1b/matplotlib-1.4.3.win32-py3.4.exe#md5=99f045b799f5dd2a3204b500f5f90a81 (from https://pypi.python.org/simple/matplotlib/); unknown archive format: .exe
    Skipping https://pypi.python.org/packages/13/2b/9391c3dbb3f911753286e15da4d9d19c883e4d1da3a723892834a492c478/matplotlib-2.0.0b1-cp27-cp27m-win32.whl#md5=1af394390d243b915eac1340be555ae9 (from https://pypi.python.org/simple/matplotlib/) because it is not compatible with this Python
    Found link https://pypi.python.org/packages/15/89/240b4ebcd63bcdde9aa522fbd2e13f0af3347bea443cb8ad111e3b4c6f3a/matplotlib-1.5.2.tar.gz#md5=66f35e55cc15455eb37b415ae51f1e51 (from https://pypi.python.org/simple/matplotlib/), version: 1.5.2
    Skipping link https://pypi.python.org/packages/17/cc/c0915d98f7f9da9306c5e91524638e13f8f3ff020da59901546d74757b80/matplotlib-1.4.3.win-amd64-py3.3.exe#md5=9f386101413df16e41263beda85ba8c4 (from https://pypi.python.org/simple/matplotlib/); unknown archive format: .exe
    Skipping https://pypi.python.org/packages/18/f9/2f5425cdf26e1c98cf4bcf227be250cea5d594eba13e049c9980d5ac14ce/matplotlib-2.0.0b4-cp35-cp35m-manylinux1_x86_64.whl#md5=fd8071f6114e41e6759268e7315cccc5 (from https://pypi.python.org/simple/matplotlib/) because it is not compatible with this Python
    Skipping https://pypi.python.org/packages/1b/56/3da75926678545a9164db60e62a55665ad2c83a0106542bf446382cb9b10/matplotlib-1.4.2-cp34-cp34m-macosx_10_6_intel.macosx_10_9_intel.macosx_10_9_x86_64.macosx_10_10_intel.macosx_10_10_x86_64.whl#md5=50ad974d57127ca1b7b9665f0e65a2d5 (from https://pypi.python.org/simple/matplotlib/) because it is not compatible with this Python
    Found link https://pypi.python.org/packages/1c/82/41b3d9eb979e1fe0278fc963bf68b134aa9d16609230e61012a5c46876e5/matplotlib-1.4.2-cp27-none-win32.whl#md5=63dabdd2ef753514c354d0e032331508 (from https://pypi.python.org/simple/matplotlib/), version: 1.4.2
    Skipping https://pypi.python.org/packages/1c/b1/1491d76a07ec6496088f74c756e4b1682b1dbbcfaaaf539eaca723c7455a/matplotlib-2.0.0b3-1-cp27-cp27m-macosx_10_6_intel.macosx_10_9_intel.macosx_10_9_x86_64.macosx_10_10_intel.macosx_10_10_x86_64.whl#md5=c519dc0be16d92e072d1a6f5138ad95a (from https://pypi.python.org/simple/matplotlib/) because it is not compatible with this Python
    Skipping https://pypi.python.org/packages/1d/ad/8b00320ca3846fa3fede4f8f998844cef7a9d19511bd7596b85ae1493070/matplotlib-1.5.2-cp27-cp27m-win32.whl#md5=bf4722dd25c02bd5fc0db9f9fcb032e2 (from https://pypi.python.org/simple/matplotlib/) because it is not compatible with this Python
    Skipping https://pypi.python.org/packages/21/0c/ac4688aa13768332920ae02706e4edd10423cb0c97aaf32f9b1d4ad3a25c/matplotlib-2.0.0b1-cp35-cp35m-manylinux1_x86_64.whl#md5=e2ffdfaeee5b0abeb95cb6c226611c0a (from https://pypi.python.org/simple/matplotlib/) because it is not compatible with this Python
    Skipping https://pypi.python.org/packages/22/ec/26eca9cb837a2b57be1ae9887e0b6b09ff682f406f85403bfda8509b43a2/matplotlib-1.5.2-cp35-cp35m-macosx_10_6_intel.macosx_10_9_intel.macosx_10_9_x86_64.macosx_10_10_intel.macosx_10_10_x86_64.whl#md5=ec18c323ea9379ecf72dd1717bc5c491 (from https://pypi.python.org/simple/matplotlib/) because it is not compatible with this Python
    Skipping https://pypi.python.org/packages/23/3f/6c30c486490c53fcd4a8300431db8b652940511ae340e46d3bdb7dccd9ad/matplotlib-1.5.1-cp27-none-macosx_10_6_intel.macosx_10_9_intel.macosx_10_9_x86_64.macosx_10_10_intel.macosx_10_10_x86_64.whl#md5=804e12a11e8bedbdced4782f23c5d406 (from https://pypi.python.org/simple/matplotlib/) because it is not compatible with this Python
    Skipping https://pypi.python.org/packages/26/32/8b34046c712380ad46f7bc9d1fe0ce0585265356e45b2cfbf0af674362d0/matplotlib-1.3.1-cp34-cp34m-macosx_10_6_intel.macosx_10_9_intel.macosx_10_9_x86_64.whl#md5=2c5ed43ecbddb347ef5e59cbfd42b366 (from https://pypi.python.org/simple/matplotlib/) because it is not compatible with this Python
    Skipping https://pypi.python.org/packages/26/ec/b990c06070b84dd8b9f266936d965c7ca2e23fc9b96675f8a5068a9af38c/matplotlib-1.5.2-cp35-cp35m-win32.whl#md5=6d74284be65d19a7fc667e6ac607d5a9 (from https://pypi.python.org/simple/matplotlib/) because it is not compatible with this Python
    Skipping https://pypi.python.org/packages/29/d9/fb1eb9d04209828cf6ab9353d1f0c06b0cb1c26ba786bafe170c7cf78025/matplotlib-2.0.0b1-cp27-cp27m-win_amd64.whl#md5=738d50ac95bb7cd6728d92b6895e4577 (from https://pypi.python.org/simple/matplotlib/) because it is not compatible with this Python
    Skipping link https://pypi.python.org/packages/2d/64/e6a1b66868f066401589ad85305af50dc362cb4c1f3814b81ba05b0fc5b8/matplotlib-1.4.3.win-amd64-py2.6.exe#md5=9a611a9e6e84d636b21eb3e3788967e1 (from https://pypi.python.org/simple/matplotlib/); unknown archive format: .exe
    Found link https://pypi.python.org/packages/2e/7d/f250963255bba4f2e6a2d45b39ffefcb72673d2cd889816ce7718e484fdd/matplotlib-1.4.1rc1.tar.gz#md5=14e972c592e7ea2437381830778727bb (from https://pypi.python.org/simple/matplotlib/), version: 1.4.1rc1
    Found link https://pypi.python.org/packages/30/a1/b2cf34807b93088943f9654d298be6ca2a686aadc6d5aaee9dfaee646f18/matplotlib-1.4.1-cp27-none-win32.whl#md5=2449c7ae50aca72959db453602da70e2 (from https://pypi.python.org/simple/matplotlib/), version: 1.4.1
    Skipping https://pypi.python.org/packages/31/53/4e3e27dd81c7b1a69a847dc36bf240a781a3ac2410338bda40f229c1fd06/matplotlib-2.0.0b1-cp34-cp34m-win32.whl#md5=acafe084f0c86110427415bcee5b327a (from https://pypi.python.org/simple/matplotlib/) because it is not compatible with this Python
    Skipping https://pypi.python.org/packages/31/d0/cc845e65acb90221bbbe7e807812f0e3605637bd21f61ab909294c26c7f5/matplotlib-2.0.0b3-cp27-cp27m-manylinux1_x86_64.whl#md5=6f8bfe645a82eb41320b31fcc374632b (from https://pypi.python.org/simple/matplotlib/) because it is not compatible with this Python
    Skipping https://pypi.python.org/packages/32/d1/a48258ecc94ac124a32fba311506fb3c3a080cbc5df98dca32f2e0d1062e/matplotlib-2.0.0b2-cp27-cp27m-macosx_10_6_intel.macosx_10_9_intel.macosx_10_9_x86_64.macosx_10_10_intel.macosx_10_10_x86_64.whl#md5=01212b9683536b5c19367bd7fb89e3a1 (from https://pypi.python.org/simple/matplotlib/) because it is not compatible with this Python
    Skipping https://pypi.python.org/packages/35/9c/224b22c7740f5bb1d1e67c81a4c89e141a8794625574692244c592c6cf32/matplotlib-2.0.0b3-cp34-cp34m-manylinux1_x86_64.whl#md5=d961a80dbfaa8a8b08102950467fdbe8 (from https://pypi.python.org/simple/matplotlib/) because it is not compatible with this Python
    Found link https://pypi.python.org/packages/36/01/8fc19448d018b5a58cf658a4521fa65026e1110816d90eb79144e3ee75e9/matplotlib-2.0.0b4.tar.gz#md5=250b086c52b89844ef61dd5ed0b398bb (from https://pypi.python.org/simple/matplotlib/), version: 2.0.0b4
    Skipping link https://pypi.python.org/packages/36/bc/ccf5b27210ac64215cc9083376f716c9bba570a17119cd9ea8cdeed22826/matplotlib-1.4.3.win32-py2.7.exe#md5=f43c20480a1673185afefc7d4848a1d2 (from https://pypi.python.org/simple/matplotlib/); unknown archive format: .exe
    Skipping https://pypi.python.org/packages/36/be/444c5ec4088ae55a28bab2b3b9633dd6527fd0e9e156423eebab4748d2be/matplotlib-1.4.3-cp26-none-win_amd64.whl#md5=b10e0d1be24b9709e0ee60b23441b52b (from https://pypi.python.org/simple/matplotlib/) because it is not compatible with this Python
    Skipping https://pypi.python.org/packages/36/d5/334d09b6e69d04d37220081b610c0f444b218876d25280d0f7e7aecd051a/matplotlib-1.4.3-cp34-none-win_amd64.whl#md5=72e96f66866523cb5974f52038d25242 (from https://pypi.python.org/simple/matplotlib/) because it is not compatible with this Python
    Skipping https://pypi.python.org/packages/38/be/2bcc1491b46cbbfb02cfbc3474cc60953996a9c1dc14a74360bbebb36aa5/matplotlib-1.4.1-cp26-none-win_amd64.whl#md5=54cce4489301fd650d16b4692d72e2d7 (from https://pypi.python.org/simple/matplotlib/) because it is not compatible with this Python
    Skipping https://pypi.python.org/packages/39/ea/5c4c48b8598e341e52d2f5325fb89d64a60d76305e51c4852809f8b1f2da/matplotlib-2.0.0b4-cp35-cp35m-macosx_10_6_intel.macosx_10_9_intel.macosx_10_9_x86_64.macosx_10_10_intel.macosx_10_10_x86_64.whl#md5=5a823a4641aa1a63567bb14dea36fc36 (from https://pypi.python.org/simple/matplotlib/) because it is not compatible with this Python
    Skipping https://pypi.python.org/packages/3a/e5/0f8e43b1b9e2faf59942fa9a779ee49e47f3c01d78c16fc70bc17f57d6d4/matplotlib-2.0.0b4-cp35-cp35m-win_amd64.whl#md5=93406f68ef775414f6dc69c8f6def57f (from https://pypi.python.org/simple/matplotlib/) because it is not compatible with this Python
    Skipping https://pypi.python.org/packages/3d/44/0a4a36e0ae73881d4d0b2858178d9f360cb0fa15b7b6016423214c3642c9/matplotlib-2.0.0b1-cp27-cp27m-manylinux1_i686.whl#md5=a0cb96889692e19e4682121822524e1c (from https://pypi.python.org/simple/matplotlib/) because it is not compatible with this Python
    Skipping https://pypi.python.org/packages/3f/4c/e0da95c0cbe15470ee0fa58fe43805126e63e04d844de656e2d78ed07f66/matplotlib-1.4.2-cp27-none-win_amd64.whl#md5=f7e1ddc9043fd34804d8c5ee4842d9c9 (from https://pypi.python.org/simple/matplotlib/) because it is not compatible with this Python
    Skipping https://pypi.python.org/packages/3f/61/6f5ca7879c2b7b02ea4b7accdc6aec5c1e283a206a222ee48592fb2e77a1/matplotlib-2.0.0b1-cp27-cp27mu-manylinux1_i686.whl#md5=ddc8fe252f2c56807460efacbdfeb13d (from https://pypi.python.org/simple/matplotlib/) because it is not compatible with this Python
    Skipping https://pypi.python.org/packages/40/a3/7d42858ff9fd9ec6140998b35c09f6126657947be0f82002ff517d767216/matplotlib-1.4.2-cp32-none-win_amd64.whl#md5=571a53d090ee2a614ad8ca0d24956050 (from https://pypi.python.org/simple/matplotlib/) because it is not compatible with this Python
    Skipping https://pypi.python.org/packages/45/81/95fc5e34f6bb9293c2acb6e402924dc3d6da5cff04ed05319ae418ec5cc7/matplotlib-2.0.0b2-cp27-cp27mu-manylinux1_x86_64.whl#md5=abe05e9bff838da3346fa98d0bb81ab5 (from https://pypi.python.org/simple/matplotlib/) because it is not compatible with this Python
    Skipping https://pypi.python.org/packages/49/b1/30ad801e14f537cb88115e00ffbfea038d8f5fe55dd5be8b7648ba6622b1/matplotlib-1.5.2-cp35-cp35m-manylinux1_x86_64.whl#md5=a6add5e1f8421a942a4d19aacf2bb320 (from https://pypi.python.org/simple/matplotlib/) because it is not compatible with this Python
    Skipping https://pypi.python.org/packages/4a/3b/a193f4a04cfc263c0463575c5a18f12840d595080bf94430142aa8e8b392/matplotlib-1.5.1-cp34-cp34m-macosx_10_6_intel.macosx_10_9_intel.macosx_10_9_x86_64.macosx_10_10_intel.macosx_10_10_x86_64.whl#md5=e8ff4b024f5a3a25400ba3188aad4459 (from https://pypi.python.org/simple/matplotlib/) because it is not compatible with this Python
    Skipping https://pypi.python.org/packages/4a/66/0580c21194a2116a1ed4cc2cc03d7dd02922ecd7cda10dd12320b5f2f2a2/matplotlib-2.0.0b1-cp34-cp34m-manylinux1_x86_64.whl#md5=bbb49f9f518f44b6aeb695e0b167cd78 (from https://pypi.python.org/simple/matplotlib/) because it is not compatible with this Python
    Skipping https://pypi.python.org/packages/4e/df/01e421a6ba5e3391324883da241a1cdfc7567c06ead0177de44070eb8cb9/matplotlib-1.4.3-cp32-none-win32.whl#md5=1f7d441b9cb9f4e53bc660915a4cca35 (from https://pypi.python.org/simple/matplotlib/) because it is not compatible with this Python
    Skipping https://pypi.python.org/packages/4f/3f/98467432e012946c63d7cf377be9773f2643dbd5d4f5f2686fd6f0ce9be3/matplotlib-1.5.0-cp35-none-win_amd64.whl#md5=9f032f5db72469f2942e834e06d43d08 (from https://pypi.python.org/simple/matplotlib/) because it is not compatible with this Python
    Skipping link https://pypi.python.org/packages/50/31/77684c9cd27e17dd92a9606165fac460a63f8bd0596fcbcfdd7ccf42af78/matplotlib-1.4.3.win-amd64-py3.2.exe#md5=eb76498eeb0beea522cbbe24a5cdf9a8 (from https://pypi.python.org/simple/matplotlib/); unknown archive format: .exe
    Skipping https://pypi.python.org/packages/51/33/2aa2bd121e035c39479420abed6bfcaef4098cf26ba33a034af53fac676f/matplotlib-1.5.2-cp34-cp34m-macosx_10_6_intel.macosx_10_9_intel.macosx_10_9_x86_64.macosx_10_10_intel.macosx_10_10_x86_64.whl#md5=a221806ecc5d237da831679f870904ca (from https://pypi.python.org/simple/matplotlib/) because it is not compatible with this Python
    Skipping https://pypi.python.org/packages/53/0c/d42fd36cb3f0ac71bccb2b5ab75730b621befe58b4e6bfef2d3adbb99e04/matplotlib-1.5.2-cp34-cp34m-win32.whl#md5=2f600c4b6c2e0be503aaccae422d1acd (from https://pypi.python.org/simple/matplotlib/) because it is not compatible with this Python
    Skipping https://pypi.python.org/packages/54/6c/73c29cdfaeb74f0d797d346176eb006fa6e46b88005e172f32a11357ad4d/matplotlib-2.0.0b1-cp27-cp27m-manylinux1_x86_64.whl#md5=d5bc93eeceb11faa5034c2074e004e59 (from https://pypi.python.org/simple/matplotlib/) because it is not compatible with this Python
    Skipping https://pypi.python.org/packages/55/2a/d9f7925a5a9559a01daa461451a6ad1d247136442d22f3d02b93e8dc4195/matplotlib-1.5.0-cp35-none-win32.whl#md5=cb930f43d7a337b55d4590a2c9503777 (from https://pypi.python.org/simple/matplotlib/) because it is not compatible with this Python
    Skipping link https://pypi.python.org/packages/56/b4/b7861ec05dd0971bbac41bff7ed8fbe5470c7357e63c4d8b066cb5956b6c/matplotlib-1.4.3.win-amd64-py2.7.exe#md5=7ad58b627e949d32ad6da2ab1406dd14 (from https://pypi.python.org/simple/matplotlib/); unknown archive format: .exe
    Skipping https://pypi.python.org/packages/57/2f/11d1e9215355d9aa51ad790d787d5c79209f9c1147cebd45b14cdb2781e0/matplotlib-1.5.3-cp27-cp27m-win32.whl#md5=96729daa664e44106d41b856373706c2 (from https://pypi.python.org/simple/matplotlib/) because it is not compatible with this Python
    Skipping https://pypi.python.org/packages/57/f5/f35ed58249cbb849dd45dfec8a6cedc6596adba2e027766c8c7548cc7499/matplotlib-2.0.0b4-cp34-cp34m-manylinux1_x86_64.whl#md5=ec5f2b36f72928f7810b01f8aadd6dfa (from https://pypi.python.org/simple/matplotlib/) because it is not compatible with this Python
    Skipping https://pypi.python.org/packages/58/be/4d6311101abba2f5442bfe0332a70bfa8e2458d94e6e9b771023ba44e7ea/matplotlib-1.5.2-cp34-cp34m-win_amd64.whl#md5=1d7a76cb2e68eb0ca044d2c5661af342 (from https://pypi.python.org/simple/matplotlib/) because it is not compatible with this Python
    Skipping https://pypi.python.org/packages/5b/2f/83ac149e0a0535e4d07eeb6466bb737998f1634590a887b1ad2ededfd911/matplotlib-2.0.0b4-cp27-cp27m-manylinux1_x86_64.whl#md5=67414f9998b24566f5136bf8ce2cfab5 (from https://pypi.python.org/simple/matplotlib/) because it is not compatible with this Python
    Skipping https://pypi.python.org/packages/5b/50/8254f79504eb539a1ec4648587711ab8604619dbcee1545c6ea61dcb3f28/matplotlib-1.5.3-cp27-cp27mu-manylinux1_x86_64.whl#md5=054179e2833b57a4e2a3d2018a927310 (from https://pypi.python.org/simple/matplotlib/) because it is not compatible with this Python
    Skipping https://pypi.python.org/packages/5b/63/29b11c72d76bebf4f341635c3c1f597cac9ef806af42ddf78cca0c1c7106/matplotlib-2.0.0b2-cp34-cp34m-macosx_10_6_intel.macosx_10_9_intel.macosx_10_9_x86_64.macosx_10_10_intel.macosx_10_10_x86_64.whl#md5=a7bc64d7659daba5b5ed6a9c0ec74764 (from https://pypi.python.org/simple/matplotlib/) because it is not compatible with this Python
    Skipping https://pypi.python.org/packages/5d/6f/1cfc7784c285fdb2a976281c6adb874420d7645dd0698c643e774aadc9fe/matplotlib-1.5.3-cp35-cp35m-manylinux1_x86_64.whl#md5=93644ee905ed110da0b4e315cd8b5433 (from https://pypi.python.org/simple/matplotlib/) because it is not compatible with this Python
    Skipping https://pypi.python.org/packages/5e/06/6a717e37f0bb331bf152bfeb7ded4060f1188b508631e988c1cdbef5a8ab/matplotlib-1.5.3-cp34-cp34m-win32.whl#md5=c0705c7d2278f557eac4c1c2e75245d5 (from https://pypi.python.org/simple/matplotlib/) because it is not compatible with this Python
    Skipping https://pypi.python.org/packages/60/94/dc59a60c2e734eada9c2a3722bea5415a37fcb25e86fdb83368826b4bffd/matplotlib-2.0.0b1-cp35-cp35m-manylinux1_i686.whl#md5=28b0bc7e04438103bebcd20564cc75e3 (from https://pypi.python.org/simple/matplotlib/) because it is not compatible with this Python
    Skipping https://pypi.python.org/packages/62/0e/2862c72cc813fc1c3c596ddb8dfb3d2d57d6ab10fe503af8ab6f68df177b/matplotlib-1.3.1-cp33-cp33m-macosx_10_6_intel.macosx_10_9_intel.macosx_10_9_x86_64.whl#md5=c274d751c438b69b478cb617503c3231 (from https://pypi.python.org/simple/matplotlib/) because it is not compatible with this Python
    Skipping https://pypi.python.org/packages/62/7f/1d5bc71453c20038a84e343585c45dd7c4a52699c2ff008fcf5674b78d1c/matplotlib-2.0.0b1-cp34-cp34m-macosx_10_6_intel.macosx_10_9_intel.macosx_10_9_x86_64.macosx_10_10_intel.macosx_10_10_x86_64.whl#md5=99bc04b4441478c5d07b461d2dc53bc1 (from https://pypi.python.org/simple/matplotlib/) because it is not compatible with this Python
    Skipping https://pypi.python.org/packages/67/95/6c55b47310400c6e35506afec046f0acc6f042a3dea2a1641c8b1c9ea0d0/matplotlib-2.0.0b4-cp27-cp27m-win32.whl#md5=928dd2d136a560e52c76758fa11abb58 (from https://pypi.python.org/simple/matplotlib/) because it is not compatible with this Python
    Skipping https://pypi.python.org/packages/69/4a/72b7cb56ff4931081423f77030737910af8bc218949aca6fa41dbf997ee6/matplotlib-2.0.0b2-cp35-cp35m-manylinux1_x86_64.whl#md5=bd48b6c599494c58f7fb0bc08967aa10 (from https://pypi.python.org/simple/matplotlib/) because it is not compatible with this Python
    Skipping https://pypi.python.org/packages/6a/22/51a0a4470aa437fa980685124f4ff0a2158780aecf4bd78d9d71ff5d4238/matplotlib-1.5.3-cp35-cp35m-win_amd64.whl#md5=571eda3f640997a592a485e9ffe183a8 (from https://pypi.python.org/simple/matplotlib/) because it is not compatible with this Python
    Skipping https://pypi.python.org/packages/6c/2e/b13911289182e37210476aad7a674946451f7f0709790a799dc172a1b028/matplotlib-2.0.0b4-cp34-cp34m-macosx_10_6_intel.macosx_10_9_intel.macosx_10_9_x86_64.macosx_10_10_intel.macosx_10_10_x86_64.whl#md5=5a2dfb34ab59a894005947143b5e00c1 (from https://pypi.python.org/simple/matplotlib/) because it is not compatible with this Python
    Skipping https://pypi.python.org/packages/6f/85/d2d9f801b1d70b11144583688d1970d1260f145882876be775b34cdb04fa/matplotlib-2.0.0b2-cp34-cp34m-manylinux1_x86_64.whl#md5=97a551b815268da5a57ed376d9d823ee (from https://pypi.python.org/simple/matplotlib/) because it is not compatible with this Python
    Skipping https://pypi.python.org/packages/6f/eb/7050f25f39c2484cb871a4345f7b66bb6f7f6eb95f2663cba84ff634f220/matplotlib-1.4.1-cp32-none-win_amd64.whl#md5=fd9afa962240416fc24995460bc3c06f (from https://pypi.python.org/simple/matplotlib/) because it is not compatible with this Python
    Skipping https://pypi.python.org/packages/72/53/f179a1d505053b4eb9d0d98ac82214ffc1e1271e85adc54613a93a75e8e3/matplotlib-1.4.0-cp27-none-win_amd64.whl#md5=f3f581901736f547e3e1e4d8f2b0872a (from https://pypi.python.org/simple/matplotlib/) because it is not compatible with this Python
    Skipping https://pypi.python.org/packages/72/55/f479c64c9f26716d6c43ee1cf816b4caf3503fd7c1668a36da8191e01977/matplotlib-1.4.0-cp27-none-macosx_10_6_intel.macosx_10_9_intel.macosx_10_9_x86_64.whl#md5=19649b0bbb78ef3a2cce1e1c64cbb78f (from https://pypi.python.org/simple/matplotlib/) because it is not compatible with this Python
    Skipping https://pypi.python.org/packages/72/ee/141aa8429ec8c69948d1742433142bbe63621e7e2f19b1aa6aa388a9d286/matplotlib-1.4.1-cp27-none-win_amd64.whl#md5=d42e20d37988efba3d5e98077a354a30 (from https://pypi.python.org/simple/matplotlib/) because it is not compatible with this Python
    Skipping https://pypi.python.org/packages/73/24/082980d03019b21b2a9a9cb89b047ff53d64c4de33f185e15dc1c7c21cb5/matplotlib-1.4.1-cp27-none-macosx_10_6_intel.macosx_10_9_intel.macosx_10_9_x86_64.macosx_10_10_intel.macosx_10_10_x86_64.whl#md5=3676532fd239968d6b37092461100b83 (from https://pypi.python.org/simple/matplotlib/) because it is not compatible with this Python
    Skipping https://pypi.python.org/packages/74/f6/a96cccb4cea757b26433c5c5a8d51c6a886e14c828cdea685d4726cb20a5/matplotlib-1.4.1-cp34-none-win32.whl#md5=a0754a1bac3dd3df3ec122fb439f4785 (from https://pypi.python.org/simple/matplotlib/) because it is not compatible with this Python
    Found link https://pypi.python.org/packages/75/4e/2374eed18ac34421ccd7b4907080abd3009e112ca2c11b100c18961312e0/matplotlib-1.5.3.tar.gz#md5=ba993b06113040fee6628d74b80af0fd (from https://pypi.python.org/simple/matplotlib/), version: 1.5.3
    Skipping https://pypi.python.org/packages/75/a0/823733327133be8f91beb6d05e487906b47d98c55154bf042bf7917b78e1/matplotlib-1.5.1-cp35-cp35m-macosx_10_6_intel.macosx_10_9_intel.macosx_10_9_x86_64.macosx_10_10_intel.macosx_10_10_x86_64.whl#md5=d62580b45f7bcef039a8c74c61c29ffe (from https://pypi.python.org/simple/matplotlib/) because it is not compatible with this Python
    Found link https://pypi.python.org/packages/75/f7/6bd207f4e2495a02d9cfb99f4a518e349ec8d2b785bb93e1bb231e93738a/matplotlib-1.2.0.tar.gz#md5=c52e2c5a09eca910d8d166dcbd2d01ec (from https://pypi.python.org/simple/matplotlib/), version: 1.2.0
    Skipping https://pypi.python.org/packages/78/73/ca3429d5383f54a8ad2e5937aa8f179fa85167e11e096f30b220c75787c8/matplotlib-2.0.0b1-cp27-cp27m-macosx_10_6_intel.macosx_10_9_intel.macosx_10_9_x86_64.macosx_10_10_intel.macosx_10_10_x86_64.whl#md5=0d6e4585305ca2b6a3756e3bdf3ee194 (from https://pypi.python.org/simple/matplotlib/) because it is not compatible with this Python
    Skipping https://pypi.python.org/packages/79/99/5d54d9d32a13bcb66aaa6a840c9e8eedf196d508e26f1510a7de1c4b3ecf/matplotlib-1.4.2-cp33-cp33m-macosx_10_6_intel.macosx_10_9_intel.macosx_10_9_x86_64.whl#md5=f4ea1cb6e773cf10a6a5524027b88751 (from https://pypi.python.org/simple/matplotlib/) because it is not compatible with this Python
    Skipping https://pypi.python.org/packages/79/a7/c7409e39e164ece35f23e02b43b069a3eb8453726b26f59cd391b7736955/matplotlib-1.5.3-cp35-cp35m-macosx_10_6_intel.macosx_10_9_intel.macosx_10_9_x86_64.macosx_10_10_intel.macosx_10_10_x86_64.whl#md5=832f875d0b6fb45d8ffa7c8fc2775f82 (from https://pypi.python.org/simple/matplotlib/) because it is not compatible with this Python
    Skipping https://pypi.python.org/packages/7c/b3/5a1490003b63415ba64a63ce719820b5eb2a8b8040447da8e5f7b3b2e2a5/matplotlib-1.4.1-cp34-none-win_amd64.whl#md5=3a3e1367770069a23446b76592945bdb (from https://pypi.python.org/simple/matplotlib/) because it is not compatible with this Python
    Skipping link https://pypi.python.org/packages/7f/07/45d1d9b4b1d16ec48f0bfd374ace20d40cf8d20ae4886f942e2197c39ec6/matplotlib-1.4.3.win32-py3.2.exe#md5=a6a993bfbbe5513cd8919ff87ba2c8f5 (from https://pypi.python.org/simple/matplotlib/); unknown archive format: .exe
    Skipping https://pypi.python.org/packages/80/5d/5a51d83c7e3f511fd51710281a332ec02024239643d65b13ef3f65e902a6/matplotlib-1.5.1-cp34-none-win_amd64.whl#md5=accf397e40bbe8f8e8d33e9510384293 (from https://pypi.python.org/simple/matplotlib/) because it is not compatible with this Python
    Skipping https://pypi.python.org/packages/81/ca/1ca4f35ea00ec7b0ae43eba3dab87dac5ff4b0bfc0045499a3618f500ff8/matplotlib-1.5.2-cp27-cp27m-win_amd64.whl#md5=8926af3680764f4f5cf8dc51ebed1c77 (from https://pypi.python.org/simple/matplotlib/) because it is not compatible with this Python
    Skipping https://pypi.python.org/packages/82/3b/77a6d48714fc164983b4f996ab333ba2c55fb11336e0f23705f9d742d03f/matplotlib-2.0.0b2-cp35-cp35m-macosx_10_6_intel.macosx_10_9_intel.macosx_10_9_x86_64.macosx_10_10_intel.macosx_10_10_x86_64.whl#md5=e50b96d39058b1cf0b4178c2a5382670 (from https://pypi.python.org/simple/matplotlib/) because it is not compatible with this Python
    Skipping https://pypi.python.org/packages/82/f8/394bd742adb309823d820a4d6182e661a3cd50e0bf78b6f529781b8f2eff/matplotlib-1.4.3-cp27-none-win_amd64.whl#md5=c8dbb7bac4f70daf590ac4a1834d3b32 (from https://pypi.python.org/simple/matplotlib/) because it is not compatible with this Python
    Skipping https://pypi.python.org/packages/84/45/41425cb671d5ef5bbe79fca5cc1ca8455ee3fb933a0546ba241cc4582e71/matplotlib-1.4.2-cp27-none-macosx_10_6_intel.macosx_10_9_intel.macosx_10_9_x86_64.whl#md5=2ebafa80bb355f54bdb0349ea072c82d (from https://pypi.python.org/simple/matplotlib/) because it is not compatible with this Python
    Skipping https://pypi.python.org/packages/84/c7/bd7295ad1a3044df5e55e1db29ab067e850ecd4063c1d0ac37c0aa902c97/matplotlib-1.4.2-cp32-none-win32.whl#md5=188ff74e5eda81b8144051f5cc2c7fc2 (from https://pypi.python.org/simple/matplotlib/) because it is not compatible with this Python
    Skipping https://pypi.python.org/packages/88/96/54eecd42fee3a12db92fbe52b49a15e5325a3247bf59781f9a0b62e1ffc2/matplotlib-2.0.0b3-cp27-cp27mu-manylinux1_x86_64.whl#md5=67e06a6a25455376da8b16a78ef871ad (from https://pypi.python.org/simple/matplotlib/) because it is not compatible with this Python
    Skipping https://pypi.python.org/packages/89/1f/2d2adc646d4df42702ef569802715eb2f2cbacde544d4d9bf787ff052aa8/matplotlib-1.5.2-cp27-cp27m-manylinux1_x86_64.whl#md5=f95bc7bac71d71558d575e8a8ba99c9b (from https://pypi.python.org/simple/matplotlib/) because it is not compatible with this Python
    Found link https://pypi.python.org/packages/89/35/586351bd4e0e2dec0965b2c9f84395f0cfc8a154471a8dd9a501551b91ce/matplotlib-2.0.0b3.tar.gz#md5=3922dd7aca253369d017bd78ebbb2071 (from https://pypi.python.org/simple/matplotlib/), version: 2.0.0b3
    Skipping https://pypi.python.org/packages/8a/d9/2cf377ae9a4df5ae89be3837f2ec70fdbf758eee2dc04443a8339b149816/matplotlib-1.5.3-cp27-cp27m-manylinux1_x86_64.whl#md5=dcd248163a4820adb9504911f61feaac (from https://pypi.python.org/simple/matplotlib/) because it is not compatible with this Python
    Skipping https://pypi.python.org/packages/8c/3e/ba8ca68ce62173b1a1ef0df4c30a8291ba9101911d4bb2d66f2dedae1260/matplotlib-1.5.1-cp35-none-win32.whl#md5=0f9daf6c994896e6f54c6064fda1387f (from https://pypi.python.org/simple/matplotlib/) because it is not compatible with this Python
    Found link https://pypi.python.org/packages/8f/f4/c0c7e81f64d5f4d36e52e393af687f28882c53dcd924419d684dc9859f40/matplotlib-1.5.1.tar.gz#md5=f51847d8692cb63df64cd0bd0304fd20 (from https://pypi.python.org/simple/matplotlib/), version: 1.5.1
    Skipping link https://pypi.python.org/packages/90/54/04999450b73e21d742f8f9b6ab8639f2dd6de3562aa7c5ca1c3800682f8a/matplotlib-1.4.3.win32-py3.3.exe#md5=5dc488e6b0d6b3bbae48bacb1e47e7c1 (from https://pypi.python.org/simple/matplotlib/); unknown archive format: .exe
    Skipping https://pypi.python.org/packages/90/94/7d603dfc70b1ad5f845bbcd20b0a0a29f42198bce0d81b3153d7405ea705/matplotlib-2.0.0b1-cp35-cp35m-macosx_10_6_intel.macosx_10_9_intel.macosx_10_9_x86_64.macosx_10_10_intel.macosx_10_10_x86_64.whl#md5=ff1225265ee4ebbed0aeb4df1f2b7180 (from https://pypi.python.org/simple/matplotlib/) because it is not compatible with this Python
    Skipping https://pypi.python.org/packages/91/71/4c01176b794c3a996f2df7ddd2ea741b77e0f3bcd8b57fbcfb4d86307265/matplotlib-1.4.2-cp33-cp33m-macosx_10_6_intel.macosx_10_9_intel.macosx_10_9_x86_64.macosx_10_10_intel.macosx_10_10_x86_64.whl#md5=df07cc9b6d3a51960a63cef14bae8625 (from https://pypi.python.org/simple/matplotlib/) because it is not compatible with this Python
    Found link https://pypi.python.org/packages/91/c6/4e32bfa32709b635730a38003504f6f7b200a72e661cb492936ceb71dc4e/matplotlib-1.4.0-cp27-none-win32.whl#md5=bf8dfe71fd37d209d7287d4e0565f02b (from https://pypi.python.org/simple/matplotlib/), version: 1.4.0
    Found link https://pypi.python.org/packages/94/1d/7127dfc780b66a9d61efb1b5fc8705c509b2f212d7a7355889c545b82409/matplotlib-1.3.0.tar.gz#md5=139e1157a3e641fa6270d667a2088458 (from https://pypi.python.org/simple/matplotlib/), version: 1.3.0
    Skipping https://pypi.python.org/packages/95/87/814bdcc7e3c96c6de28f5261937392351ac57d396f5b7d7b40b7a58c6d77/matplotlib-1.4.0-cp33-none-win_amd64.whl#md5=324189994b669b6a877f22084db86044 (from https://pypi.python.org/simple/matplotlib/) because it is not compatible with this Python
    Skipping link https://pypi.python.org/packages/96/a8/ba42d943744646b150019a95c5893d7bbe1b3ff13e68713033d669bba4a8/matplotlib-1.4.3.win-amd64-py3.4.exe#md5=7991ad0df6446566896cb9118c938056 (from https://pypi.python.org/simple/matplotlib/); unknown archive format: .exe
    Skipping https://pypi.python.org/packages/97/5d/d4c57efa839c6c5b255a8b41fcbac4e98a2b5f200ebb40884b8e767b553c/matplotlib-2.0.0b1-cp34-cp34m-manylinux1_i686.whl#md5=5dc4de687cb36559706996ca3dea2fcf (from https://pypi.python.org/simple/matplotlib/) because it is not compatible with this Python
    Skipping https://pypi.python.org/packages/98/44/b77fa6dadd697b9d27fb0622e8f8cdaa053b6b17ae9a71e2b8792e79c660/matplotlib-2.0.0b2-cp27-cp27m-manylinux1_x86_64.whl#md5=6eec0e4432d8275eab612cc960a8ffef (from https://pypi.python.org/simple/matplotlib/) because it is not compatible with this Python
    Skipping https://pypi.python.org/packages/98/de/1d854137b4ac6525c29396aff123792d73faa1c0e06a0867ca5e4df47919/matplotlib-1.4.0-cp34-none-win_amd64.whl#md5=84bba66e4aa7101005f7503708c186ac (from https://pypi.python.org/simple/matplotlib/) because it is not compatible with this Python
    Skipping https://pypi.python.org/packages/99/d1/5b6e9680599543163775a0944ad576f12d72063bc9561f137c99a577d1d4/matplotlib-1.4.0-cp34-cp34m-macosx_10_6_intel.macosx_10_9_intel.macosx_10_9_x86_64.whl#md5=9f3be17be6556edcae2abfb2137c3c90 (from https://pypi.python.org/simple/matplotlib/) because it is not compatible with this Python
    Skipping https://pypi.python.org/packages/9a/83/d1961fb26698bbd68e0e1160f0a52ea0e61a7eb26f07c0060175c21715c8/matplotlib-2.0.0b4-cp34-cp34m-win32.whl#md5=3153f01a937ae6e27ce8cb975c1635d5 (from https://pypi.python.org/simple/matplotlib/) because it is not compatible with this Python
    Skipping https://pypi.python.org/packages/9a/ea/32e885102fd3072b120e06dcac08769e9be5c447e8291cdd2f346f1b7428/matplotlib-1.5.2-cp27-cp27mu-manylinux1_i686.whl#md5=1cccbcebd92fc064294072e564e8214f (from https://pypi.python.org/simple/matplotlib/) because it is not compatible with this Python
    Skipping https://pypi.python.org/packages/9c/8d/ec4aef54c0a7f051bfd8b30f05aca77cf75e638f790106e5f5c72a3e75b8/matplotlib-1.4.1-cp33-none-win32.whl#md5=452938b1678dafb9e787a75fbba0a44b (from https://pypi.python.org/simple/matplotlib/) because it is not compatible with this Python
    Skipping https://pypi.python.org/packages/a0/34/164f48d4ec9b9bf27a127a7e6900346ebe4295a418af1912b0e3dd59cf58/matplotlib-1.4.2-cp27-none-macosx_10_6_intel.macosx_10_9_intel.macosx_10_9_x86_64.macosx_10_10_intel.macosx_10_10_x86_64.whl#md5=0ba8ec4c9c7f820b4b480b1360a1d92a (from https://pypi.python.org/simple/matplotlib/) because it is not compatible with this Python
    Skipping https://pypi.python.org/packages/a4/8d/073c6fb36f07bca434b2ef61d9db2b48384532616aa71598fa349e27a0cf/matplotlib-1.5.3-cp34-cp34m-macosx_10_6_intel.macosx_10_9_intel.macosx_10_9_x86_64.macosx_10_10_intel.macosx_10_10_x86_64.whl#md5=16d927ac651b54121314615c4d090a5b (from https://pypi.python.org/simple/matplotlib/) because it is not compatible with this Python
    Skipping https://pypi.python.org/packages/a5/59/48542bb2bc5bbaa389670a83d5760ed914b794756a0cee066121f208b818/matplotlib-1.5.2-cp34-cp34m-manylinux1_x86_64.whl#md5=cda9b7aeb9d3df9434aef50fe3cb6495 (from https://pypi.python.org/simple/matplotlib/) because it is not compatible with this Python
    Skipping https://pypi.python.org/packages/aa/9b/a54bbe6c7cb69431f9d366f91740a8071d119fad042eda079f941fc09922/matplotlib-1.4.3-cp27-none-macosx_10_6_intel.macosx_10_9_intel.macosx_10_9_x86_64.macosx_10_10_intel.macosx_10_10_x86_64.whl#md5=5d514f89e628d651ac18421e57610cc4 (from https://pypi.python.org/simple/matplotlib/) because it is not compatible with this Python
    Skipping https://pypi.python.org/packages/ab/23/f96507bc0885b9995327089a2b7b0862dc52dbb9117340e3f35a364fe122/matplotlib-1.5.3-cp34-cp34m-manylinux1_x86_64.whl#md5=58421e6d87d9f96ee42605e8a86b339e (from https://pypi.python.org/simple/matplotlib/) because it is not compatible with this Python
    Found link https://pypi.python.org/packages/ab/83/3313cb73a5168ffd84cb21ea8c7c2c1f6333639bd13e8b56409c58b9c4b2/matplotlib-1.5.0-cp27-none-win32.whl#md5=c664beb30b77e2bb542dba2c43e6207a (from https://pypi.python.org/simple/matplotlib/), version: 1.5.0
    Skipping https://pypi.python.org/packages/ac/59/3c931dc03d5f088f7025b9e6ca1ffe19b67581d316a386e945c235ca500e/matplotlib-1.5.0-cp27-none-macosx_10_6_intel.macosx_10_9_intel.macosx_10_9_x86_64.macosx_10_10_intel.macosx_10_10_x86_64.whl#md5=c4efa27f71f747e7740a8b68a094a0c5 (from https://pypi.python.org/simple/matplotlib/) because it is not compatible with this Python
    Skipping https://pypi.python.org/packages/ac/90/0df1ea6a74d12f10558d16a608b42c73b7c76410f0870b0d7848a246a7d5/matplotlib-2.0.0b4-cp34-cp34m-win_amd64.whl#md5=f3f15c283f185f05c35b1e94f664e9c8 (from https://pypi.python.org/simple/matplotlib/) because it is not compatible with this Python
    Skipping https://pypi.python.org/packages/ad/a4/2b68d7339d162eef09d9f7af8687baae0b7914fa87d5f9bd2013eeae281c/matplotlib-1.4.1-cp33-cp33m-macosx_10_6_intel.macosx_10_9_intel.macosx_10_9_x86_64.macosx_10_10_intel.macosx_10_10_x86_64.whl#md5=44bbcb3392486913228330eee3fa1c53 (from https://pypi.python.org/simple/matplotlib/) because it is not compatible with this Python
    Skipping https://pypi.python.org/packages/ad/ae/12a01d7f81e41e504ea143e40f744d43cd324159243e28a2918bd210e98b/matplotlib-1.5.2-cp27-cp27m-manylinux1_i686.whl#md5=782508fadffc199905f338fcd9cbc5ba (from https://pypi.python.org/simple/matplotlib/) because it is not compatible with this Python
    Skipping https://pypi.python.org/packages/ae/5e/770288d25deb417f4381b23f0697c29ba0bfb655888158a981d20ed8fc16/matplotlib-1.4.3-cp34-cp34m-macosx_10_6_intel.macosx_10_9_intel.macosx_10_9_x86_64.macosx_10_10_intel.macosx_10_10_x86_64.whl#md5=63e558ef34a34c2eb7bb88df108a1c5e (from https://pypi.python.org/simple/matplotlib/) because it is not compatible with this Python
    Skipping https://pypi.python.org/packages/af/a9/5f6f7f936ec86dc9ebc69803b52b35a6dc3534062a8c922a091bd21dbe4a/matplotlib-1.4.0-cp33-cp33m-macosx_10_6_intel.macosx_10_9_intel.macosx_10_9_x86_64.whl#md5=16d28bb4a986eb550a66e463f7b0494f (from https://pypi.python.org/simple/matplotlib/) because it is not compatible with this Python
    Skipping https://pypi.python.org/packages/af/f4/2721807321bc3e2eb7b45ac25384e3b5aa5b7d8888aed8e06de128929637/matplotlib-1.5.1-cp33-cp33m-macosx_10_6_intel.macosx_10_9_intel.macosx_10_9_x86_64.macosx_10_10_intel.macosx_10_10_x86_64.whl#md5=ed4b72ff921ae6772f2a01652479ccec (from https://pypi.python.org/simple/matplotlib/) because it is not compatible with this Python
    Skipping https://pypi.python.org/packages/b1/29/c54fd5ab22c8f5626f8d2565be66dca36f2135c487793ac9fece73a93d63/matplotlib-1.5.1-cp35-none-win_amd64.whl#md5=e02bc4aec94d1d28a01fa61be7b3d41a (from https://pypi.python.org/simple/matplotlib/) because it is not compatible with this Python
    Skipping https://pypi.python.org/packages/b2/ec/b296356f9374e06fbfdd43c81b03d4ea03d0f953ec8a8f21816512c02f62/matplotlib-1.4.2-cp26-none-win32.whl#md5=e6d187725cb254607e0a88313a1a9a7f (from https://pypi.python.org/simple/matplotlib/) because it is not compatible with this Python
    Skipping https://pypi.python.org/packages/b3/23/4055a5f3ac9e5cde5639969005c17d04865678ee80cdd21304f7e9bf4187/matplotlib-2.0.0b3-cp35-cp35m-manylinux1_x86_64.whl#md5=51a4fbd542b9d4f82afa122a2dd2d4fb (from https://pypi.python.org/simple/matplotlib/) because it is not compatible with this Python
    Skipping https://pypi.python.org/packages/b6/72/932832b9ec9bcf29ccb8269569eeef08251c69efd61a5990a8742b9a10bf/matplotlib-1.4.0-cp33-none-win32.whl#md5=015470511cc3f7f39ae26b502a0c5ff6 (from https://pypi.python.org/simple/matplotlib/) because it is not compatible with this Python
    Skipping https://pypi.python.org/packages/b8/98/58fa622bd27b68dd39395472b9b96ef5ba0f45d35f18ba65b3dc3592b12d/matplotlib-2.0.0b4-cp27-cp27mu-manylinux1_x86_64.whl#md5=7ebc1286c8d721d64fbc264f9e63cbaf (from https://pypi.python.org/simple/matplotlib/) because it is not compatible with this Python
    Found link https://pypi.python.org/packages/b9/16/46f8f512884a2f13ee29ff3bb25d0d6996ac90bf5d38f07ede39e2fe6ddf/matplotlib-1.0.1.tar.gz#md5=2196c0482d5b33dc8d33f67bbafc1323 (from https://pypi.python.org/simple/matplotlib/), version: 1.0.1
    Found link https://pypi.python.org/packages/ba/7f/2405de5ef84e7069095c17efd7c6a4a4120b1a9054731ac231163705c3a9/matplotlib-0.86.1.tar.gz#md5=d3727dc75c4c1cff0b0bae856b4e5ad8 (from https://pypi.python.org/simple/matplotlib/), version: 0.86.1
    Found link https://pypi.python.org/packages/bb/ac/485df0ecb15aa6fec1991945dc0cabfeb724a64f6729e34bab3c6a766813/matplotlib-1.4.3.tar.gz#md5=86af2e3e3c61849ac7576a6f5ca44267 (from https://pypi.python.org/simple/matplotlib/), version: 1.4.3
    Skipping https://pypi.python.org/packages/bd/8f/d8e78322b24d694f7afde72803c17e66ba81480050163d644ec08a9515b8/matplotlib-1.4.0-cp32-none-win_amd64.whl#md5=d41dae609c981068207b1a5ea93cb066 (from https://pypi.python.org/simple/matplotlib/) because it is not compatible with this Python
    Skipping https://pypi.python.org/packages/bd/e1/73dccef2b7d4ad775bdf5ec3b20f55219132b620ebdd7c15abcba810735b/matplotlib-2.0.0b3-1-cp35-cp35m-macosx_10_6_intel.macosx_10_9_intel.macosx_10_9_x86_64.macosx_10_10_intel.macosx_10_10_x86_64.whl#md5=36a60407b28d3a71627dcae9cd1a92c0 (from https://pypi.python.org/simple/matplotlib/) because it is not compatible with this Python
    Found link https://pypi.python.org/packages/be/38/3ffb65a3f73f8526499a75cde188dc19ac4a7df8ccf2730d0fd926571b5b/matplotlib-1.5.1-cp27-none-win32.whl#md5=005ca755c60041c32b605b8c30da1277 (from https://pypi.python.org/simple/matplotlib/), version: 1.5.1
    Skipping https://pypi.python.org/packages/c1/c0/4d907c5e1c9d9dc3bc50ec7b5ff02125d3da62631cedea1dfa3d79abff65/matplotlib-1.4.3-cp33-cp33m-macosx_10_6_intel.macosx_10_9_intel.macosx_10_9_x86_64.macosx_10_10_intel.macosx_10_10_x86_64.whl#md5=a69718bd499eeca3ff48cf0b43f2c0a9 (from https://pypi.python.org/simple/matplotlib/) because it is not compatible with this Python
    Found link https://pypi.python.org/packages/c5/01/be962989489dfda03f5f049fbe53c0e10c7f771f3ced5fcc724851ad4bad/matplotlib-1.1.1.tar.gz#md5=30ee59119599331bf1f3b6e838fee9a8 (from https://pypi.python.org/simple/matplotlib/), version: 1.1.1
    Skipping https://pypi.python.org/packages/c5/38/a2af01697fbd5ec9ca46ed0a9ade86a8835b9f6b1b7f2d0346658a0fa30a/matplotlib-2.0.0b1-cp35-cp35m-win_amd64.whl#md5=80197be36c0411ec1dadd98fb95008b1 (from https://pypi.python.org/simple/matplotlib/) because it is not compatible with this Python
    Skipping https://pypi.python.org/packages/c8/f1/385b729be611249f6fbae007cf8d9e1ec7865ee8c0d94c70db5619b93103/matplotlib-1.5.2-cp35-cp35m-win_amd64.whl#md5=23b2f5063c85f5832dd0b44b6e18c975 (from https://pypi.python.org/simple/matplotlib/) because it is not compatible with this Python
    Skipping https://pypi.python.org/packages/c9/20/dee8122a9d48e0db78e406760502143ab8d89029f196b392ee5ce72e21e5/matplotlib-1.4.2-cp33-none-win32.whl#md5=d029826c5ebecbb8b4bf8ab18f364ebc (from https://pypi.python.org/simple/matplotlib/) because it is not compatible with this Python
    Skipping https://pypi.python.org/packages/d1/76/530339baf37e23b2936097dc10d44c7b7f31d1128efe1e4a1b1198ae4b22/matplotlib-1.4.3-cp26-none-win32.whl#md5=a61a9fc4e0ac1d975cc42fdbb5aaacd2 (from https://pypi.python.org/simple/matplotlib/) because it is not compatible with this Python
    Skipping https://pypi.python.org/packages/d1/e1/cecce026909b3d642e0c258a69359094f9efbaef6a95043efa070be67045/matplotlib-1.4.3-cp34-none-win32.whl#md5=e2bc896c9513e4e22f6864550d6ec905 (from https://pypi.python.org/simple/matplotlib/) because it is not compatible with this Python
    Skipping https://pypi.python.org/packages/d1/ef/e22cabc215cc1b50ac7bd61c3688790e99bdfb09a22203f82fe4994d76f9/matplotlib-1.4.3-cp35-cp35m-macosx_10_6_intel.macosx_10_9_intel.macosx_10_9_x86_64.macosx_10_10_intel.macosx_10_10_x86_64.whl#md5=7d4948544b427147e2c31db40a2a5f94 (from https://pypi.python.org/simple/matplotlib/) because it is not compatible with this Python
    Skipping https://pypi.python.org/packages/d1/f7/2d7c82d253e3a41822dc1c4628247b87504c8d60f596df4cb280c6aca12f/matplotlib-1.4.3-cp33-none-win32.whl#md5=a5083b13120594260cec7ce3fb1643d1 (from https://pypi.python.org/simple/matplotlib/) because it is not compatible with this Python
    Found link https://pypi.python.org/packages/d4/d0/17f17792a4d50994397052220dbe3ac9850ecbde0297b7572933fa4a5c98/matplotlib-1.3.1.tar.gz#md5=789699851de28a543f3d244cf657ff68 (from https://pypi.python.org/simple/matplotlib/), version: 1.3.1
    Skipping https://pypi.python.org/packages/d5/70/b7ab56cb45e24d408a5f6487340c6490fbc61010ff3783e33b9519f226e7/matplotlib-2.0.0b1-cp35-cp35m-win32.whl#md5=6f9f8cf0c3c6129e7a938bc45e397525 (from https://pypi.python.org/simple/matplotlib/) because it is not compatible with this Python
    Skipping https://pypi.python.org/packages/d5/e0/8f1c956595edbabaea2b635764dc1917c33cc3e6f4febad2865414fd3760/matplotlib-2.0.0b4-cp35-cp35m-win32.whl#md5=fc5085c0421c821f1ac1b0dd8990dfc1 (from https://pypi.python.org/simple/matplotlib/) because it is not compatible with this Python
    Skipping https://pypi.python.org/packages/d6/07/e72be8fda277f2f048e57f3f713bc0bdf979a035f20f42318cc1c847387b/matplotlib-2.0.0b1-cp27-cp27mu-manylinux1_x86_64.whl#md5=066bab836db176895d267fdd43dc8656 (from https://pypi.python.org/simple/matplotlib/) because it is not compatible with this Python
    Skipping https://pypi.python.org/packages/d9/9a/1e7c03cc89370a798f85165800c55cc563f89b4d701c3c8322d275753230/matplotlib-1.5.2-cp27-cp27mu-manylinux1_x86_64.whl#md5=8e67d8289089cbe202c7c00f7b1a5913 (from https://pypi.python.org/simple/matplotlib/) because it is not compatible with this Python
    Skipping https://pypi.python.org/packages/de/06/fac4559f5d536fd0f9956f5fda02488643a2f5f53a29c22258a44084008d/matplotlib-1.4.3-cp33-none-win_amd64.whl#md5=9e9c1100d0bb531601cb2f4c097894d3 (from https://pypi.python.org/simple/matplotlib/) because it is not compatible with this Python
    Skipping https://pypi.python.org/packages/e3/02/1c1a404a290ed0a492bd1fd23f039394e3a1a317c1e988ed5cbf72b1ccfa/matplotlib-1.4.0-cp32-none-win32.whl#md5=3e508b3e606cdf49f8301f5a513cafba (from https://pypi.python.org/simple/matplotlib/) because it is not compatible with this Python
    Skipping https://pypi.python.org/packages/e3/cd/a7f0b4be201ece11d6b4d60c1b256783c3b39cd6fde72783768b8929393d/matplotlib-2.0.0b3-1-cp34-cp34m-macosx_10_6_intel.macosx_10_9_intel.macosx_10_9_x86_64.macosx_10_10_intel.macosx_10_10_x86_64.whl#md5=33fe54869ac01633c066b0246ba4bf5c (from https://pypi.python.org/simple/matplotlib/) because it is not compatible with this Python
    Skipping https://pypi.python.org/packages/e5/c5/41c4b1ccd3dbf5e7953e0f01c7f30086093ad691f000e6e43302ee3f2237/matplotlib-1.4.1-cp33-none-win_amd64.whl#md5=2dc81042eed64f50118e6b614331e193 (from https://pypi.python.org/simple/matplotlib/) because it is not compatible with this Python
    Skipping https://pypi.python.org/packages/e6/4c/890cc40b5baadb06f558fff5ca304b446f44b8165930b226017626df2c68/matplotlib-1.4.0-cp34-none-win32.whl#md5=d4bb6a18cb529858ff05be03f958fc66 (from https://pypi.python.org/simple/matplotlib/) because it is not compatible with this Python
    Skipping https://pypi.python.org/packages/e8/c9/86eea17f22df82d24323932b76675346c11ca085ef7292cc82b302d303ed/matplotlib-1.5.0-cp34-none-win32.whl#md5=00fd4ca14abd27a570858136d4ff2eb9 (from https://pypi.python.org/simple/matplotlib/) because it is not compatible with this Python
    Skipping https://pypi.python.org/packages/e9/4d/e8a1004f6c8c0172eedb29113a38362b66ed7b748497d2fe67a3e955b4ef/matplotlib-1.3.1-cp27-none-macosx_10_6_intel.macosx_10_9_intel.macosx_10_9_x86_64.whl#md5=ea9eb2cf47e4ca76395077c247644b2f (from https://pypi.python.org/simple/matplotlib/) because it is not compatible with this Python
    Skipping https://pypi.python.org/packages/ea/51/5fe48291ad413b255f4b7524245a7dcba568b1abe73ea5aa7cae2370b2de/matplotlib-1.5.3-cp35-cp35m-win32.whl#md5=a46fad0aaa650237aabec277b64e2cb7 (from https://pypi.python.org/simple/matplotlib/) because it is not compatible with this Python
    Skipping https://pypi.python.org/packages/ec/58/d8ea01780981849f2e31f9c22450f06facf4f8a65130ffe182b2825aaa98/matplotlib-1.5.1-cp27-none-win_amd64.whl#md5=98f67208dc31b5240aacca236c506cc2 (from https://pypi.python.org/simple/matplotlib/) because it is not compatible with this Python
    Found link https://pypi.python.org/packages/ec/b7/8798736cffd7dd12c916242c2db73b0a88db99d37f4b7556bb7cc90ae2a6/matplotlib-1.1.0.tar.gz#md5=091a4d08c6f9fd7e5f7f63adc1abc351 (from https://pypi.python.org/simple/matplotlib/), version: 1.1.0
    Skipping https://pypi.python.org/packages/ec/dc/5e816ba3865ac0cccf9ac9a956f58b751fb75750de0077f1192282c264ab/matplotlib-1.4.2-cp34-none-win_amd64.whl#md5=fb0e4ae9af8b9fb6505cc3dfde5652cd (from https://pypi.python.org/simple/matplotlib/) because it is not compatible with this Python
    Found link https://pypi.python.org/packages/ed/29/ee06a063e522fbd2c889f9383cb6a4c6d6a0ffd59b2bad313064476d2080/matplotlib-1.2.1.tar.gz#md5=326a959c4c3f85417a3daf805cfb54f9 (from https://pypi.python.org/simple/matplotlib/), version: 1.2.1
    Found link https://pypi.python.org/packages/ed/76/abbf60be5f46762bff1c10132dcd2bee85004216d29b348cabea98c9df42/matplotlib-1.4.1.tar.gz#md5=f9bb4d27988f2b4496ddd5447a792c54 (from https://pypi.python.org/simple/matplotlib/), version: 1.4.1
    Skipping https://pypi.python.org/packages/ed/e1/3a4899db2cb2e8db3d9efc1cdc1b49cc495eee2f28448cdc6f780f0bda3a/matplotlib-1.5.3-cp27-cp27mu-manylinux1_i686.whl#md5=68c51d18fe077ac08aac9f5a96ca843a (from https://pypi.python.org/simple/matplotlib/) because it is not compatible with this Python
    Skipping https://pypi.python.org/packages/ee/6f/66ed15d9d024a843b77384eb13b86020488afc9ff63f96ef847d06274efa/matplotlib-1.5.1-cp34-none-win32.whl#md5=3078aa143fdd5c3d19136b6e36bb9cf8 (from https://pypi.python.org/simple/matplotlib/) because it is not compatible with this Python
    Skipping https://pypi.python.org/packages/f0/a5/1de1762a27ff4849adbae071bc1765d5885cbed59d4aaf76fe25bbb78018/matplotlib-1.5.0-cp34-cp34m-macosx_10_6_intel.macosx_10_9_intel.macosx_10_9_x86_64.macosx_10_10_intel.macosx_10_10_x86_64.whl#md5=53da209b733962f19ca9706f594e68b1 (from https://pypi.python.org/simple/matplotlib/) because it is not compatible with this Python
    Skipping https://pypi.python.org/packages/f1/27/78eef0f7f4d5fbb4283cfcbffab215947d22df3fdbcad7b5c80ab04d55f9/matplotlib-1.4.0-cp26-none-win32.whl#md5=774d62b98c9a7bcfcf29b65c0b3bb056 (from https://pypi.python.org/simple/matplotlib/) because it is not compatible with this Python
    Skipping https://pypi.python.org/packages/f2/d9/1377e2177a6679328f738cda095c74b49f73d00365a33c94b136d09813bf/matplotlib-1.5.0-cp34-none-win_amd64.whl#md5=cee512b4bf1f0d2a453b0b50b99a3fa5 (from https://pypi.python.org/simple/matplotlib/) because it is not compatible with this Python
    Skipping https://pypi.python.org/packages/f3/3e/a4103f8263d0fccc90b028f90615682a404f8b163c19441f9324ec399c83/matplotlib-1.5.3-cp27-cp27m-manylinux1_i686.whl#md5=d073be757052067505582271ade1ea8f (from https://pypi.python.org/simple/matplotlib/) because it is not compatible with this Python
    Skipping https://pypi.python.org/packages/f3/61/7a5d03d95a99566515be98d7f3d1b4cc2a27971b9dc005c4fd1692e8019f/matplotlib-1.4.1-cp26-none-win32.whl#md5=e60c572f1e731f0f311f601028d6d2ff (from https://pypi.python.org/simple/matplotlib/) because it is not compatible with this Python
    Skipping https://pypi.python.org/packages/f5/1e/0c036dbda5a5b25f4589abce94b649bb45cdfc39fbeb2e227ac9d5b6dcac/matplotlib-1.5.0-cp27-none-win_amd64.whl#md5=f407ab7fdc9d1cd72ddfeaaac60097ef (from https://pypi.python.org/simple/matplotlib/) because it is not compatible with this Python
    Skipping https://pypi.python.org/packages/f7/cc/48c049b468e28ede889f078b307731ef6f525e2f367a6714b31d0ffbdd5b/matplotlib-1.4.2-cp33-none-win_amd64.whl#md5=d7afd1928833071856812148245e7686 (from https://pypi.python.org/simple/matplotlib/) because it is not compatible with this Python
    Skipping https://pypi.python.org/packages/f8/1d/17b399fc4e8000a471f96c62f099f716498ce51484917c7016a87d0d0a6b/matplotlib-2.0.0b4-cp27-cp27m-win_amd64.whl#md5=287aea5a2f5c82c6afe900e5de4a3751 (from https://pypi.python.org/simple/matplotlib/) because it is not compatible with this Python
    Found link https://pypi.python.org/packages/f8/a2/17de31cecf4a8fa9003d62f5058f9356cfb72df8922aef5b47c1f0d03179/matplotlib-0.91.0.tar.gz#md5=059aa32556644760aef9cec9fb8fc3ac (from https://pypi.python.org/simple/matplotlib/), version: 0.91.0
    Found link https://pypi.python.org/packages/f8/bf/cc54cb009741c46076e2cf895460395c597b70e7bd43a2110a6ef686e9dd/matplotlib-0.91.1.tar.gz#md5=56a9344b077b5accbc4823be19f69dd6 (from https://pypi.python.org/simple/matplotlib/), version: 0.91.1
    Found link https://pypi.python.org/packages/f8/d0/46d6bf56ca3a466e79fe4884ec244c0a9cf035846dfb707c1bb90804a105/matplotlib-0.86.2.tar.gz#md5=9bb3f2b70a26e131c6b10743e8c49fc5 (from https://pypi.python.org/simple/matplotlib/), version: 0.86.2
    Skipping https://pypi.python.org/packages/f9/9a/43104a194b6454fe9d217d01add72dfacee30cd4aa91291b61fcbe638da6/matplotlib-1.4.2-cp34-none-win32.whl#md5=f18b7568493bece5c7b3eb7bb4203826 (from https://pypi.python.org/simple/matplotlib/) because it is not compatible with this Python
    Found link https://pypi.python.org/packages/fa/1d/e7c91cd6f435776fcb5515e499efaa42bd534d351656379e06d35977cc6f/matplotlib-1.4.0.tar.gz#md5=1daf7f2123d94745feac1a30b210940c (from https://pypi.python.org/simple/matplotlib/), version: 1.4.0
    Skipping https://pypi.python.org/packages/fb/4e/4af65f545ff0bc81563e98b7d7faed9d282e49edcc6a098dd9db260dd9ce/matplotlib-1.5.3-cp27-cp27m-macosx_10_6_intel.macosx_10_9_intel.macosx_10_9_x86_64.macosx_10_10_intel.macosx_10_10_x86_64.whl#md5=27b5283f4c100f2e5a157efea8ff4a0a (from https://pypi.python.org/simple/matplotlib/) because it is not compatible with this Python
    Skipping https://pypi.python.org/packages/fe/6d/a673bec7ee64333d54b40a2bb3c1f261598f66cfb762d35f657234ac9451/matplotlib-1.4.1-cp34-cp34m-macosx_10_6_intel.macosx_10_9_intel.macosx_10_9_x86_64.macosx_10_10_intel.macosx_10_10_x86_64.whl#md5=2e180105afc523b4124cb49eea40c041 (from https://pypi.python.org/simple/matplotlib/) because it is not compatible with this Python
    Skipping https://pypi.python.org/packages/ff/93/92fc26423111f188e8019a45ca2d37128bb8df7cd3597a2f8272b2ac3237/matplotlib-1.4.2-cp34-cp34m-macosx_10_6_intel.macosx_10_9_intel.macosx_10_9_x86_64.whl#md5=8c80bd45ade879fc0bcc1b76ec80ba1d (from https://pypi.python.org/simple/matplotlib/) because it is not compatible with this Python
  Ignoring link https://pypi.python.org/packages/02/16/f3c3867c806791bba5329bd5db80b76d08d5c6bc2cd1136be47dfd5577a0/matplotlib-2.0.0b1.tar.gz#md5=116e221bb635b57d7c0ade682f2710f8 (from https://pypi.python.org/simple/matplotlib/), version 2.0.0b1 doesn't match ==1.5.3
  Ignoring link https://pypi.python.org/packages/06/9d/03f200ffdd18da31ebbc74a7a843f157c3bb597aaa40c004a09e61cfd774/matplotlib-1.5.0.tar.gz#md5=7952a539418ed77432aa4727409f24cf (from https://pypi.python.org/simple/matplotlib/), version 1.5.0 doesn't match ==1.5.3
  Ignoring link https://pypi.python.org/packages/08/4c/f6ef52c64f6d6f81c55e836be541cb23bb2f9d54693dbc7b598453ab0614/matplotlib-1.4.2.tar.gz#md5=7d22efb6cce475025733c50487bd8898 (from https://pypi.python.org/simple/matplotlib/), version 1.4.2 doesn't match ==1.5.3
  Ignoring link https://pypi.python.org/packages/08/67/dada37e8261245a3bd0e39bf5fc057bd87bf4f2dec616c59f3f634537d58/matplotlib-2.0.0b2.tar.gz#md5=02afc2b615ac4e1607f31ded01831cf0 (from https://pypi.python.org/simple/matplotlib/), version 2.0.0b2 doesn't match ==1.5.3
  Ignoring link https://pypi.python.org/packages/09/1a/1015c9ec4b8b13b6c6edfa3fa3d2f0e05860f80414c7d80ccfc7787f1220/matplotlib-0.86.tar.gz#md5=4770cbcddabcbab72d48fbb237ed5d8c (from https://pypi.python.org/simple/matplotlib/), version 0.86 doesn't match ==1.5.3
  Ignoring link https://pypi.python.org/packages/0e/91/e57fb38ffb848432e4fd9967089eb2cb15e5dec92771bd5becbb99f711cb/matplotlib-1.4.3-cp27-none-win32.whl#md5=ecd17c868aae92b9da13aa503ff06fe4 (from https://pypi.python.org/simple/matplotlib/), version 1.4.3 doesn't match ==1.5.3
  Ignoring link https://pypi.python.org/packages/15/89/240b4ebcd63bcdde9aa522fbd2e13f0af3347bea443cb8ad111e3b4c6f3a/matplotlib-1.5.2.tar.gz#md5=66f35e55cc15455eb37b415ae51f1e51 (from https://pypi.python.org/simple/matplotlib/), version 1.5.2 doesn't match ==1.5.3
  Ignoring link https://pypi.python.org/packages/1c/82/41b3d9eb979e1fe0278fc963bf68b134aa9d16609230e61012a5c46876e5/matplotlib-1.4.2-cp27-none-win32.whl#md5=63dabdd2ef753514c354d0e032331508 (from https://pypi.python.org/simple/matplotlib/), version 1.4.2 doesn't match ==1.5.3
  Ignoring link https://pypi.python.org/packages/2e/7d/f250963255bba4f2e6a2d45b39ffefcb72673d2cd889816ce7718e484fdd/matplotlib-1.4.1rc1.tar.gz#md5=14e972c592e7ea2437381830778727bb (from https://pypi.python.org/simple/matplotlib/), version 1.4.1rc1 doesn't match ==1.5.3
  Ignoring link https://pypi.python.org/packages/30/a1/b2cf34807b93088943f9654d298be6ca2a686aadc6d5aaee9dfaee646f18/matplotlib-1.4.1-cp27-none-win32.whl#md5=2449c7ae50aca72959db453602da70e2 (from https://pypi.python.org/simple/matplotlib/), version 1.4.1 doesn't match ==1.5.3
  Ignoring link https://pypi.python.org/packages/36/01/8fc19448d018b5a58cf658a4521fa65026e1110816d90eb79144e3ee75e9/matplotlib-2.0.0b4.tar.gz#md5=250b086c52b89844ef61dd5ed0b398bb (from https://pypi.python.org/simple/matplotlib/), version 2.0.0b4 doesn't match ==1.5.3
  Ignoring link https://pypi.python.org/packages/75/f7/6bd207f4e2495a02d9cfb99f4a518e349ec8d2b785bb93e1bb231e93738a/matplotlib-1.2.0.tar.gz#md5=c52e2c5a09eca910d8d166dcbd2d01ec (from https://pypi.python.org/simple/matplotlib/), version 1.2.0 doesn't match ==1.5.3
  Ignoring link https://pypi.python.org/packages/89/35/586351bd4e0e2dec0965b2c9f84395f0cfc8a154471a8dd9a501551b91ce/matplotlib-2.0.0b3.tar.gz#md5=3922dd7aca253369d017bd78ebbb2071 (from https://pypi.python.org/simple/matplotlib/), version 2.0.0b3 doesn't match ==1.5.3
  Ignoring link https://pypi.python.org/packages/8f/f4/c0c7e81f64d5f4d36e52e393af687f28882c53dcd924419d684dc9859f40/matplotlib-1.5.1.tar.gz#md5=f51847d8692cb63df64cd0bd0304fd20 (from https://pypi.python.org/simple/matplotlib/), version 1.5.1 doesn't match ==1.5.3
  Ignoring link https://pypi.python.org/packages/91/c6/4e32bfa32709b635730a38003504f6f7b200a72e661cb492936ceb71dc4e/matplotlib-1.4.0-cp27-none-win32.whl#md5=bf8dfe71fd37d209d7287d4e0565f02b (from https://pypi.python.org/simple/matplotlib/), version 1.4.0 doesn't match ==1.5.3
  Ignoring link https://pypi.python.org/packages/94/1d/7127dfc780b66a9d61efb1b5fc8705c509b2f212d7a7355889c545b82409/matplotlib-1.3.0.tar.gz#md5=139e1157a3e641fa6270d667a2088458 (from https://pypi.python.org/simple/matplotlib/), version 1.3.0 doesn't match ==1.5.3
  Ignoring link https://pypi.python.org/packages/ab/83/3313cb73a5168ffd84cb21ea8c7c2c1f6333639bd13e8b56409c58b9c4b2/matplotlib-1.5.0-cp27-none-win32.whl#md5=c664beb30b77e2bb542dba2c43e6207a (from https://pypi.python.org/simple/matplotlib/), version 1.5.0 doesn't match ==1.5.3
  Ignoring link https://pypi.python.org/packages/b9/16/46f8f512884a2f13ee29ff3bb25d0d6996ac90bf5d38f07ede39e2fe6ddf/matplotlib-1.0.1.tar.gz#md5=2196c0482d5b33dc8d33f67bbafc1323 (from https://pypi.python.org/simple/matplotlib/), version 1.0.1 doesn't match ==1.5.3
  Ignoring link https://pypi.python.org/packages/ba/7f/2405de5ef84e7069095c17efd7c6a4a4120b1a9054731ac231163705c3a9/matplotlib-0.86.1.tar.gz#md5=d3727dc75c4c1cff0b0bae856b4e5ad8 (from https://pypi.python.org/simple/matplotlib/), version 0.86.1 doesn't match ==1.5.3
  Ignoring link https://pypi.python.org/packages/bb/ac/485df0ecb15aa6fec1991945dc0cabfeb724a64f6729e34bab3c6a766813/matplotlib-1.4.3.tar.gz#md5=86af2e3e3c61849ac7576a6f5ca44267 (from https://pypi.python.org/simple/matplotlib/), version 1.4.3 doesn't match ==1.5.3
  Ignoring link https://pypi.python.org/packages/be/38/3ffb65a3f73f8526499a75cde188dc19ac4a7df8ccf2730d0fd926571b5b/matplotlib-1.5.1-cp27-none-win32.whl#md5=005ca755c60041c32b605b8c30da1277 (from https://pypi.python.org/simple/matplotlib/), version 1.5.1 doesn't match ==1.5.3
  Ignoring link https://pypi.python.org/packages/c5/01/be962989489dfda03f5f049fbe53c0e10c7f771f3ced5fcc724851ad4bad/matplotlib-1.1.1.tar.gz#md5=30ee59119599331bf1f3b6e838fee9a8 (from https://pypi.python.org/simple/matplotlib/), version 1.1.1 doesn't match ==1.5.3
  Ignoring link https://pypi.python.org/packages/d4/d0/17f17792a4d50994397052220dbe3ac9850ecbde0297b7572933fa4a5c98/matplotlib-1.3.1.tar.gz#md5=789699851de28a543f3d244cf657ff68 (from https://pypi.python.org/simple/matplotlib/), version 1.3.1 doesn't match ==1.5.3
  Ignoring link https://pypi.python.org/packages/ec/b7/8798736cffd7dd12c916242c2db73b0a88db99d37f4b7556bb7cc90ae2a6/matplotlib-1.1.0.tar.gz#md5=091a4d08c6f9fd7e5f7f63adc1abc351 (from https://pypi.python.org/simple/matplotlib/), version 1.1.0 doesn't match ==1.5.3
  Ignoring link https://pypi.python.org/packages/ed/29/ee06a063e522fbd2c889f9383cb6a4c6d6a0ffd59b2bad313064476d2080/matplotlib-1.2.1.tar.gz#md5=326a959c4c3f85417a3daf805cfb54f9 (from https://pypi.python.org/simple/matplotlib/), version 1.2.1 doesn't match ==1.5.3
  Ignoring link https://pypi.python.org/packages/ed/76/abbf60be5f46762bff1c10132dcd2bee85004216d29b348cabea98c9df42/matplotlib-1.4.1.tar.gz#md5=f9bb4d27988f2b4496ddd5447a792c54 (from https://pypi.python.org/simple/matplotlib/), version 1.4.1 doesn't match ==1.5.3
  Ignoring link https://pypi.python.org/packages/f8/a2/17de31cecf4a8fa9003d62f5058f9356cfb72df8922aef5b47c1f0d03179/matplotlib-0.91.0.tar.gz#md5=059aa32556644760aef9cec9fb8fc3ac (from https://pypi.python.org/simple/matplotlib/), version 0.91.0 doesn't match ==1.5.3
  Ignoring link https://pypi.python.org/packages/f8/bf/cc54cb009741c46076e2cf895460395c597b70e7bd43a2110a6ef686e9dd/matplotlib-0.91.1.tar.gz#md5=56a9344b077b5accbc4823be19f69dd6 (from https://pypi.python.org/simple/matplotlib/), version 0.91.1 doesn't match ==1.5.3
  Ignoring link https://pypi.python.org/packages/f8/d0/46d6bf56ca3a466e79fe4884ec244c0a9cf035846dfb707c1bb90804a105/matplotlib-0.86.2.tar.gz#md5=9bb3f2b70a26e131c6b10743e8c49fc5 (from https://pypi.python.org/simple/matplotlib/), version 0.86.2 doesn't match ==1.5.3
  Ignoring link https://pypi.python.org/packages/fa/1d/e7c91cd6f435776fcb5515e499efaa42bd534d351656379e06d35977cc6f/matplotlib-1.4.0.tar.gz#md5=1daf7f2123d94745feac1a30b210940c (from https://pypi.python.org/simple/matplotlib/), version 1.4.0 doesn't match ==1.5.3
  Downloading from URL https://pypi.python.org/packages/75/4e/2374eed18ac34421ccd7b4907080abd3009e112ca2c11b100c18961312e0/matplotlib-1.5.3.tar.gz#md5=ba993b06113040fee6628d74b80af0fd (from https://pypi.python.org/simple/matplotlib/)
  Running setup.py (path:D:\home\site\wwwroot\env\build\matplotlib\setup.py) egg_info for package matplotlib
    ============================================================================
    Edit setup.cfg to change the build options
    
    BUILDING MATPLOTLIB
                matplotlib: yes [1.5.3]
                    python: yes [2.7.8 (default, Jun 30 2014, 16:03:49) [MSC
                            v.1500 32 bit (Intel)]]
                  platform: yes [win32]
    
    REQUIRED DEPENDENCIES AND EXTENSIONS
                     numpy: yes [not found. pip may install it below.]
                  dateutil: yes [dateutil was not found. It is required for date
                            axis support. pip/easy_install may attempt to
                            install it after matplotlib.]
                      pytz: yes [pytz was not found. pip will attempt to install
                            it after matplotlib.]
                    cycler: yes [cycler was not found. pip will attempt to
                            install it after matplotlib.]
                   tornado: yes [tornado was not found. It is required for the
                            WebAgg backend. pip/easy_install may attempt to
                            install it after matplotlib.]
                 pyparsing: yes [pyparsing was not found. It is required for
                            mathtext support. pip/easy_install may attempt to
                            install it after matplotlib.]
                    libagg: yes [pkg-config information for 'libagg' could not
                            be found. Using local copy.]
                  freetype: no  [The C/C++ header for freetype (ft2build.h)
                            could not be found.  You may need to install the
                            development package.]
                       png: no  [The C/C++ header for png (png.h) could not be
                            found.  You may need to install the development
                            package.]
                     qhull: yes [pkg-config information for 'qhull' could not be
                            found. Using local copy.]
    
    OPTIONAL SUBPACKAGES
               sample_data: yes [installing]
                  toolkits: yes [installing]
                     tests: yes [nose 0.11.1 or later is required to run the
                            matplotlib test suite. Please install it with pip or
                            your preferred tool to run the test suite / mock is
                            required to run the matplotlib test suite. Please
                            install it with pip or your preferred tool to run
                            the test suite]
            toolkits_tests: yes [nose 0.11.1 or later is required to run the
                            matplotlib test suite. Please install it with pip or
                            your preferred tool to run the test suite / mock is
                            required to run the matplotlib test suite. Please
                            install it with pip or your preferred tool to run
                            the test suite]
    
    OPTIONAL BACKEND EXTENSIONS
                    macosx: no  [Mac OS-X only]
                    qt5agg: no  [PyQt5 not found]
                    qt4agg: no  [PySide not found; PyQt4 not found]
                   gtk3agg: no  [Requires pygobject to be installed.]
                 gtk3cairo: no  [Requires cairocffi or pycairo to be installed.]
                    gtkagg: no  [Requires pygtk]
                     tkagg: yes [installing; run-time loading from Python Tcl /
                            Tk]
                     wxagg: no  [requires wxPython]
                       gtk: no  [Requires pygtk]
                       agg: yes [installing]
                     cairo: no  [cairocffi or pycairo not found]
                 windowing: yes [installing]
    
    OPTIONAL LATEX DEPENDENCIES
                    dvipng: no
               ghostscript: no
                     latex: no
                   pdftops: no
    
    OPTIONAL PACKAGE DATA
                      dlls: no  [skipping due to configuration]
    
    ============================================================================
                            * The following required packages can not be built:
                            * freetype, png
    Complete output from command python setup.py egg_info:
    ============================================================================

Edit setup.cfg to change the build options



BUILDING MATPLOTLIB

            matplotlib: yes [1.5.3]

                python: yes [2.7.8 (default, Jun 30 2014, 16:03:49) [MSC

                        v.1500 32 bit (Intel)]]

              platform: yes [win32]



REQUIRED DEPENDENCIES AND EXTENSIONS

                 numpy: yes [not found. pip may install it below.]

              dateutil: yes [dateutil was not found. It is required for date

                        axis support. pip/easy_install may attempt to

                        install it after matplotlib.]

                  pytz: yes [pytz was not found. pip will attempt to install

                        it after matplotlib.]

                cycler: yes [cycler was not found. pip will attempt to

                        install it after matplotlib.]

               tornado: yes [tornado was not found. It is required for the

                        WebAgg backend. pip/easy_install may attempt to

                        install it after matplotlib.]

             pyparsing: yes [pyparsing was not found. It is required for

                        mathtext support. pip/easy_install may attempt to

                        install it after matplotlib.]

                libagg: yes [pkg-config information for 'libagg' could not

                        be found. Using local copy.]

              freetype: no  [The C/C++ header for freetype (ft2build.h)

                        could not be found.  You may need to install the

                        development package.]

                   png: no  [The C/C++ header for png (png.h) could not be

                        found.  You may need to install the development

                        package.]

                 qhull: yes [pkg-config information for 'qhull' could not be

                        found. Using local copy.]



OPTIONAL SUBPACKAGES

           sample_data: yes [installing]

              toolkits: yes [installing]

                 tests: yes [nose 0.11.1 or later is required to run the

                        matplotlib test suite. Please install it with pip or

                        your preferred tool to run the test suite / mock is

                        required to run the matplotlib test suite. Please

                        install it with pip or your preferred tool to run

                        the test suite]

        toolkits_tests: yes [nose 0.11.1 or later is required to run the

                        matplotlib test suite. Please install it with pip or

                        your preferred tool to run the test suite / mock is

                        required to run the matplotlib test suite. Please

                        install it with pip or your preferred tool to run

                        the test suite]



OPTIONAL BACKEND EXTENSIONS

                macosx: no  [Mac OS-X only]

                qt5agg: no  [PyQt5 not found]

                qt4agg: no  [PySide not found; PyQt4 not found]

               gtk3agg: no  [Requires pygobject to be installed.]

             gtk3cairo: no  [Requires cairocffi or pycairo to be installed.]

                gtkagg: no  [Requires pygtk]

                 tkagg: yes [installing; run-time loading from Python Tcl /

                        Tk]

                 wxagg: no  [requires wxPython]

                   gtk: no  [Requires pygtk]

                   agg: yes [installing]

                 cairo: no  [cairocffi or pycairo not found]

             windowing: yes [installing]



OPTIONAL LATEX DEPENDENCIES

                dvipng: no

           ghostscript: no

                 latex: no

               pdftops: no



OPTIONAL PACKAGE DATA

                  dlls: no  [skipping due to configuration]



============================================================================

                        * The following required packages can not be built:

                        * freetype, png

----------------------------------------
Cleaning up...
  Removing temporary dir D:\home\site\wwwroot\env\build...
Command python setup.py egg_info failed with error code 1 in D:\home\site\wwwroot\env\build\matplotlib
Exception information:
Traceback (most recent call last):
  File "D:\home\site\wwwroot\env\lib\site-packages\pip\basecommand.py", line 122, in main
    status = self.run(options, args)
  File "D:\home\site\wwwroot\env\lib\site-packages\pip\commands\install.py", line 278, in run
    requirement_set.prepare_files(finder, force_root_egg_info=self.bundle, bundle=self.bundle)
  File "D:\home\site\wwwroot\env\lib\site-packages\pip\req.py", line 1229, in prepare_files
    req_to_install.run_egg_info()
  File "D:\home\site\wwwroot\env\lib\site-packages\pip\req.py", line 325, in run_egg_info
    command_desc='python setup.py egg_info')
  File "D:\home\site\wwwroot\env\lib\site-packages\pip\util.py", line 697, in call_subprocess
    % (command_desc, proc.returncode, cwd))
InstallationError: Command python setup.py egg_info failed with error code 1 in D:\home\site\wwwroot\env\build\matplotlib
